<?xml version="1.0" encoding="UTF-8"?>
<!-- Generated by org.testng.reporters.JUnitReportReporter -->
<testsuite skipped="0" hostname="Lenovo-PC" name="NewTest" tests="1" failures="0" timestamp="02 Sep 2020 09:29:42 GMT" time="2.072" errors="0">
  <testcase name="SubmitForm" time="2.072" classname="NewTest"/>
</testsuite> <!-- NewTest -->
